# JRE version: OpenJDK Runtime Environment (8.0_152-b01) (build 1.8.0_152-release-915-b01)
# Java VM: OpenJDK 64-Bit Server VM (25.152-b01 mixed mode windows-amd64 compressed oops)
Heap:
 PSYoungGen      total 325632K, used 325453K [0x00000000e0000000, 0x00000000ff100000, 0x0000000100000000)
  eden space 278528K, 100% used [0x00000000e0000000,0x00000000f1000000,0x00000000f1000000)
  from space 47104K, 99% used [0x00000000f1000000,0x00000000f3dd36f8,0x00000000f3e00000)
  to   space 115200K, 42% used [0x00000000f8080000,0x00000000fb0c74e8,0x00000000ff100000)
 ParOldGen       total 234496K, used 134531K [0x00000000a0000000, 0x00000000ae500000, 0x00000000e0000000)
  object space 234496K, 57% used [0x00000000a0000000,0x00000000a8360f28,0x00000000ae500000)
 Metaspace       used 134748K, capacity 143144K, committed 143436K, reserved 1173504K
  class space    used 16996K, capacity 18995K, committed 19072K, reserved 1048576K
GC Heap History (10 events):
Event: 2369.752 GC heap after
Heap after GC invocations=41 (full 4):
 PSYoungGen      total 400384K, used 92910K [0x00000000e0000000, 0x0000000100000000, 0x0000000100000000)
  eden space 296448K, 0% used [0x00000000e0000000,0x00000000e0000000,0x00000000f2180000)
  from space 103936K, 89% used [0x00000000f2180000,0x00000000f7c3ba30,0x00000000f8700000)
  to   space 116224K, 0% used [0x00000000f8e80000,0x00000000f8e80000,0x0000000100000000)
 ParOldGen       total 234496K, used 129026K [0x00000000a0000000, 0x00000000ae500000, 0x00000000e0000000)
  object space 234496K, 55% used [0x00000000a0000000,0x00000000a7e00a48,0x00000000ae500000)
 Metaspace       used 112994K, capacity 118844K, committed 119116K, reserved 1153024K
  class space    used 14242K, capacity 15663K, committed 15744K, reserved 1048576K
}
Event: 2380.129 GC heap before
{Heap before GC invocations=42 (full 4):
 PSYoungGen      total 400384K, used 389358K [0x00000000e0000000, 0x0000000100000000, 0x0000000100000000)
  eden space 296448K, 100% used [0x00000000e0000000,0x00000000f2180000,0x00000000f2180000)
  from space 103936K, 89% used [0x00000000f2180000,0x00000000f7c3ba30,0x00000000f8700000)
  to   space 116224K, 0% used [0x00000000f8e80000,0x00000000f8e80000,0x0000000100000000)
 ParOldGen       total 234496K, used 129026K [0x00000000a0000000, 0x00000000ae500000, 0x00000000e0000000)
  object space 234496K, 55% used [0x00000000a0000000,0x00000000a7e00a48,0x00000000ae500000)
 Metaspace       used 113059K, capacity 118860K, committed 119116K, reserved 1153024K
  class space    used 14243K, capacity 15665K, committed 15744K, reserved 1048576K
Event: 2380.192 GC heap after
Heap after GC invocations=42 (full 4):
 PSYoungGen      total 413184K, used 39388K [0x00000000e0000000, 0x0000000100000000, 0x0000000100000000)
  eden space 296960K, 0% used [0x00000000e0000000,0x00000000e0000000,0x00000000f2200000)
  from space 116224K, 33% used [0x00000000f8e80000,0x00000000fb4f7158,0x0000000100000000)
  to   space 111104K, 0% used [0x00000000f2200000,0x00000000f2200000,0x00000000f8e80000)
 ParOldGen       total 234496K, used 129034K [0x00000000a0000000, 0x00000000ae500000, 0x00000000e0000000)
  object space 234496K, 55% used [0x00000000a0000000,0x00000000a7e02a48,0x00000000ae500000)
 Metaspace       used 113059K, capacity 118860K, committed 119116K, reserved 1153024K
  class space    used 14243K, capacity 15665K, committed 15744K, reserved 1048576K
}
Event: 2381.423 GC heap before
{Heap before GC invocations=43 (full 4):
 PSYoungGen      total 413184K, used 335987K [0x00000000e0000000, 0x0000000100000000, 0x0000000100000000)
  eden space 296960K, 99% used [0x00000000e0000000,0x00000000f21a5b48,0x00000000f2200000)
  from space 116224K, 33% used [0x00000000f8e80000,0x00000000fb4f7158,0x0000000100000000)
  to   space 111104K, 0% used [0x00000000f2200000,0x00000000f2200000,0x00000000f8e80000)
 ParOldGen       total 234496K, used 129034K [0x00000000a0000000, 0x00000000ae500000, 0x00000000e0000000)
  object space 234496K, 55% used [0x00000000a0000000,0x00000000a7e02a48,0x00000000ae500000)
 Metaspace       used 113067K, capacity 118860K, committed 119116K, reserved 1153024K
  class space    used 14243K, capacity 15665K, committed 15744K, reserved 1048576K
Event: 2381.472 GC heap after
Heap after GC invocations=43 (full 4):
 PSYoungGen      total 397312K, used 100286K [0x00000000e0000000, 0x0000000100000000, 0x0000000100000000)
  eden space 296960K, 0% used [0x00000000e0000000,0x00000000e0000000,0x00000000f2200000)
  from space 100352K, 99% used [0x00000000f2200000,0x00000000f83efb20,0x00000000f8400000)
  to   space 124416K, 0% used [0x00000000f8680000,0x00000000f8680000,0x0000000100000000)
 ParOldGen       total 234496K, used 132918K [0x00000000a0000000, 0x00000000ae500000, 0x00000000e0000000)
  object space 234496K, 56% used [0x00000000a0000000,0x00000000a81cdae8,0x00000000ae500000)
 Metaspace       used 113067K, capacity 118860K, committed 119116K, reserved 1153024K
  class space    used 14243K, capacity 15665K, committed 15744K, reserved 1048576K
}
Event: 2538.712 GC heap before
{Heap before GC invocations=44 (full 4):
 PSYoungGen      total 397312K, used 397246K [0x00000000e0000000, 0x0000000100000000, 0x0000000100000000)
  eden space 296960K, 100% used [0x00000000e0000000,0x00000000f2200000,0x00000000f2200000)
  from space 100352K, 99% used [0x00000000f2200000,0x00000000f83efb20,0x00000000f8400000)
  to   space 124416K, 0% used [0x00000000f8680000,0x00000000f8680000,0x0000000100000000)
 ParOldGen       total 234496K, used 132918K [0x00000000a0000000, 0x00000000ae500000, 0x00000000e0000000)
  object space 234496K, 56% used [0x00000000a0000000,0x00000000a81cdae8,0x00000000ae500000)
 Metaspace       used 113827K, capacity 119936K, committed 120140K, reserved 1153024K
  class space    used 14333K, capacity 15874K, committed 16000K, reserved 1048576K
Event: 2538.747 GC heap after
Heap after GC invocations=44 (full 4):
 PSYoungGen      total 402944K, used 27021K [0x00000000e0000000, 0x0000000100000000, 0x0000000100000000)
  eden space 278528K, 0% used [0x00000000e0000000,0x00000000e0000000,0x00000000f1000000)
  from space 124416K, 21% used [0x00000000f8680000,0x00000000fa0e35d0,0x0000000100000000)
  to   space 121344K, 0% used [0x00000000f1000000,0x00000000f1000000,0x00000000f8680000)
 ParOldGen       total 234496K, used 134251K [0x00000000a0000000, 0x00000000ae500000, 0x00000000e0000000)
  object space 234496K, 57% used [0x00000000a0000000,0x00000000a831af28,0x00000000ae500000)
 Metaspace       used 113827K, capacity 119936K, committed 120140K, reserved 1153024K
  class space    used 14333K, capacity 15874K, committed 16000K, reserved 1048576K
}
Event: 2567.741 GC heap before
{Heap before GC invocations=45 (full 4):
 PSYoungGen      total 402944K, used 305549K [0x00000000e0000000, 0x0000000100000000, 0x0000000100000000)
  eden space 278528K, 100% used [0x00000000e0000000,0x00000000f1000000,0x00000000f1000000)
  from space 124416K, 21% used [0x00000000f8680000,0x00000000fa0e35d0,0x0000000100000000)
  to   space 121344K, 0% used [0x00000000f1000000,0x00000000f1000000,0x00000000f8680000)
 ParOldGen       total 234496K, used 134251K [0x00000000a0000000, 0x00000000ae500000, 0x00000000e0000000)
  object space 234496K, 57% used [0x00000000a0000000,0x00000000a831af28,0x00000000ae500000)
 Metaspace       used 125318K, capacity 132052K, committed 132300K, reserved 1165312K
  class space    used 15700K, capacity 17398K, committed 17408K, reserved 1048576K
Event: 2567.803 GC heap after
Heap after GC invocations=45 (full 4):
 PSYoungGen      total 325632K, used 46925K [0x00000000e0000000, 0x00000000ff100000, 0x0000000100000000)
  eden space 278528K, 0% used [0x00000000e0000000,0x00000000e0000000,0x00000000f1000000)
  from space 47104K, 99% used [0x00000000f1000000,0x00000000f3dd36f8,0x00000000f3e00000)
  to   space 115200K, 0% used [0x00000000f8080000,0x00000000f8080000,0x00000000ff100000)
 ParOldGen       total 234496K, used 134275K [0x00000000a0000000, 0x00000000ae500000, 0x00000000e0000000)
  object space 234496K, 57% used [0x00000000a0000000,0x00000000a8320f28,0x00000000ae500000)
 Metaspace       used 125318K, capacity 132052K, committed 132300K, reserved 1165312K
  class space    used 15700K, capacity 17398K, committed 17408K, reserved 1048576K
}
Event: 2573.875 GC heap before
{Heap before GC invocations=46 (full 4):
 PSYoungGen      total 325632K, used 325453K [0x00000000e0000000, 0x00000000ff100000, 0x0000000100000000)
  eden space 278528K, 100% used [0x00000000e0000000,0x00000000f1000000,0x00000000f1000000)
  from space 47104K, 99% used [0x00000000f1000000,0x00000000f3dd36f8,0x00000000f3e00000)
  to   space 115200K, 0% used [0x00000000f8080000,0x00000000f8080000,0x00000000ff100000)
 ParOldGen       total 234496K, used 134275K [0x00000000a0000000, 0x00000000ae500000, 0x00000000e0000000)
  object space 234496K, 57% used [0x00000000a0000000,0x00000000a8320f28,0x00000000ae500000)
 Metaspace       used 134748K, capacity 143144K, committed 143436K, reserved 1173504K
  class space    used 16996K, capacity 18995K, committed 19072K, reserved 1048576K

